<?xml version="1.0" encoding="UTF-8"?>
<!-- Generated by org.testng.reporters.JUnitReportReporter -->
<testsuite skipped="0" hostname="bellal-3LQUFINH" name="gather.Togather" tests="1" failures="0" timestamp="2020-06-29T13:49:18 EDT" time="5.019" errors="0">
  <testcase name="singUp" time="5.019" classname="gather.Togather"/>
  <system-out/>
</testsuite> <!-- gather.Togather -->
