<?xml version="1.0" encoding="UTF-8"?>
<!-- Generated by org.testng.reporters.JUnitReportReporter -->
<testsuite skipped="0" hostname="bellal-3LQUFINH" name="gather.Togather" tests="1" failures="0" timestamp="2020-06-29T00:39:12 EDT" time="4.463" errors="0">
  <testcase name="singupPage" time="4.463" classname="gather.Togather"/>
  <system-out/>
</testsuite> <!-- gather.Togather -->
