<?xml version="1.0" encoding="UTF-8"?>
<!-- Generated by org.testng.reporters.JUnitReportReporter -->
<testsuite skipped="0" hostname="bellal-3LQUFINH" name="gather.Togather" tests="1" failures="0" timestamp="2020-06-28T01:52:03 EDT" time="4.908" errors="0">
  <testcase name="singupPage" time="4.908" classname="gather.Togather"/>
  <system-out/>
</testsuite> <!-- gather.Togather -->
