<?xml version="1.0" encoding="UTF-8"?>
<!-- Generated by org.testng.reporters.JUnitReportReporter -->
<testsuite skipped="0" hostname="bellal-3LQUFINH" name="gather.Togather" tests="1" failures="0" timestamp="2020-07-24T15:06:40 EDT" time="4.756" errors="0">
  <testcase name="singUp" time="4.756" classname="gather.Togather"/>
  <system-out/>
</testsuite> <!-- gather.Togather -->
